+ cd /testbed
+ git checkout 4902cd721586822ded795afe0c418c553137306a docs/test-cases-and-sections.md docs/test-fixtures.md include/internal/catch_test_registry.h projects/SelfTest/UsageTests/Class.tests.cpp projects/SelfTest/UsageTests/Misc.tests.cpp
Updated 0 paths from 7c29a4c6
+ git apply -v -
Checking patch docs/test-cases-and-sections.md...
Checking patch docs/test-fixtures.md...
Checking patch include/internal/catch_test_registry.h...
Checking patch projects/SelfTest/UsageTests/Class.tests.cpp...
Checking patch projects/SelfTest/UsageTests/Misc.tests.cpp...
Applied patch docs/test-cases-and-sections.md cleanly.
Applied patch docs/test-fixtures.md cleanly.
Applied patch include/internal/catch_test_registry.h cleanly.
Applied patch projects/SelfTest/UsageTests/Class.tests.cpp cleanly.
Applied patch projects/SelfTest/UsageTests/Misc.tests.cpp cleanly.
+ python3 scripts/generateSingleHeader.py
Generated single include for Catch v2.5.0

+ mkdir Build-Debug
+ cd Build-Debug
+ cmake .. -DCMAKE_BUILD_TYPE=Debug -DUSE_CPP14=ON -DUSE_CPP17=ON -DCATCH_BUILD_EXTRA_TESTS=ON -DCATCH_ENABLE_WERROR=ON -DCATCH_BUILD_TESTING=ON
-- The CXX compiler identification is GNU 11.4.0
-- Detecting CXX compiler ABI info
-- Detecting CXX compiler ABI info - done
-- Check for working CXX compiler: /usr/bin/g++ - skipped
-- Detecting CXX compile features
-- Detecting CXX compile features - done
-- Found PythonInterp: /usr/bin/python (found version "3.10.12") 
-- Enabling C++17
-- Extra tests included
-- Configuring done
-- Generating done
CMake Warning:
  Manually-specified variables were not used by the project:

    USE_CPP14


-- Build files have been written to: /testbed/Build-Debug
++ nproc
+ make -j 12
[  3%] Building CXX object projects/ExtraTests/CMakeFiles/DisabledExceptions-DefaultHandler.dir/X03-DisabledExceptions-DefaultHandler.cpp.o
[  3%] Building CXX object projects/ExtraTests/CMakeFiles/DisabledExceptions-CustomHandler.dir/X04-DisabledExceptions-CustomHandler.cpp.o
[  3%] Building CXX object projects/ExtraTests/CMakeFiles/PrefixedMacros.dir/X01-PrefixedMacros.cpp.o
[  3%] Building CXX object projects/ExtraTests/CMakeFiles/DisableStringification.dir/X11-DisableStringification.cpp.o
[  4%] Building CXX object projects/ExtraTests/CMakeFiles/FallbackStringifier.dir/X10-FallbackStringifier.cpp.o
[  4%] Building CXX object projects/ExtraTests/CMakeFiles/DisabledMacros.dir/X02-DisabledMacros.cpp.o
[  5%] Building CXX object projects/CMakeFiles/SelfTest.dir/SelfTest/IntrospectiveTests/PartTracker.tests.cpp.o
[  6%] Building CXX object projects/CMakeFiles/SelfTest.dir/SelfTest/IntrospectiveTests/String.tests.cpp.o
[  7%] Building CXX object projects/CMakeFiles/SelfTest.dir/SelfTest/IntrospectiveTests/CmdLine.tests.cpp.o
[  9%] Building CXX object projects/CMakeFiles/SelfTest.dir/SelfTest/IntrospectiveTests/TagAlias.tests.cpp.o
[  9%] Building CXX object projects/CMakeFiles/SelfTest.dir/SelfTest/IntrospectiveTests/GeneratorsImpl.tests.cpp.o
[  9%] Building CXX object projects/CMakeFiles/SelfTest.dir/SelfTest/TestMain.cpp.o
In file included from /usr/include/signal.h:328,
                 from /testbed/single_include/catch2/catch.hpp:5689,
                 from /testbed/projects/ExtraTests/X01-PrefixedMacros.cpp:8:
/testbed/single_include/catch2/catch.hpp:8304:58: error: call to non-'constexpr' function 'long int sysconf(int)'
 8304 |     constexpr static std::size_t sigStackSize = 32768 >= MINSIGSTKSZ ? 32768 : MINSIGSTKSZ;
      |                                                          ^~~~~~~~~~~
In file included from /usr/include/x86_64-linux-gnu/bits/sigstksz.h:24,
                 from /usr/include/signal.h:328,
                 from /testbed/single_include/catch2/catch.hpp:5689,
                 from /testbed/projects/ExtraTests/X01-PrefixedMacros.cpp:8:
/usr/include/unistd.h:640:17: note: 'long int sysconf(int)' declared here
  640 | extern long int sysconf (int __name) __THROW;
      |                 ^~~~~~~
In file included from /testbed/projects/ExtraTests/X01-PrefixedMacros.cpp:8:
/testbed/single_include/catch2/catch.hpp:8363:45: error: size of array 'altStackMem' is not an integral constant-expression
 8363 |     char FatalConditionHandler::altStackMem[sigStackSize] = {};
      |                                             ^~~~~~~~~~~~
In file included from /usr/include/signal.h:328,
                 from /testbed/single_include/catch2/catch.hpp:5689,
                 from /testbed/projects/ExtraTests/X02-DisabledMacros.cpp:6:
/testbed/single_include/catch2/catch.hpp:8304:58: error: call to non-'constexpr' function 'long int sysconf(int)'
 8304 |     constexpr static std::size_t sigStackSize = 32768 >= MINSIGSTKSZ ? 32768 : MINSIGSTKSZ;
      |                                                          ^~~~~~~~~~~
In file included from /usr/include/x86_64-linux-gnu/bits/sigstksz.h:24,
                 from /usr/include/signal.h:328,
                 from /testbed/single_include/catch2/catch.hpp:5689,
                 from /testbed/projects/ExtraTests/X02-DisabledMacros.cpp:6:
/usr/include/unistd.h:640:17: note: 'long int sysconf(int)' declared here
  640 | extern long int sysconf (int __name) __THROW;
      |                 ^~~~~~~
In file included from /testbed/projects/ExtraTests/X02-DisabledMacros.cpp:6:
/testbed/single_include/catch2/catch.hpp:8363:45: error: size of array 'altStackMem' is not an integral constant-expression
 8363 |     char FatalConditionHandler::altStackMem[sigStackSize] = {};
      |                                             ^~~~~~~~~~~~
In file included from /usr/include/signal.h:328,
                 from /testbed/single_include/catch2/catch.hpp:5689,
                 from /testbed/projects/ExtraTests/X11-DisableStringification.cpp:8:
/testbed/single_include/catch2/catch.hpp:8304:58: error: call to non-'constexpr' function 'long int sysconf(int)'
 8304 |     constexpr static std::size_t sigStackSize = 32768 >= MINSIGSTKSZ ? 32768 : MINSIGSTKSZ;
      |                                                          ^~~~~~~~~~~
In file included from /usr/include/x86_64-linux-gnu/bits/sigstksz.h:24,
                 from /usr/include/signal.h:328,
                 from /testbed/single_include/catch2/catch.hpp:5689,
                 from /testbed/projects/ExtraTests/X11-DisableStringification.cpp:8:
/usr/include/unistd.h:640:17: note: 'long int sysconf(int)' declared here
  640 | extern long int sysconf (int __name) __THROW;
      |                 ^~~~~~~
In file included from /testbed/projects/ExtraTests/X11-DisableStringification.cpp:8:
/testbed/single_include/catch2/catch.hpp:8363:45: error: size of array 'altStackMem' is not an integral constant-expression
 8363 |     char FatalConditionHandler::altStackMem[sigStackSize] = {};
      |                                             ^~~~~~~~~~~~
In file included from /usr/include/signal.h:328,
                 from /testbed/single_include/catch2/catch.hpp:5689,
                 from /testbed/projects/ExtraTests/X10-FallbackStringifier.cpp:13:
/testbed/single_include/catch2/catch.hpp:8304:58: error: call to non-'constexpr' function 'long int sysconf(int)'
 8304 |     constexpr static std::size_t sigStackSize = 32768 >= MINSIGSTKSZ ? 32768 : MINSIGSTKSZ;
      |                                                          ^~~~~~~~~~~
In file included from /usr/include/x86_64-linux-gnu/bits/sigstksz.h:24,
                 from /usr/include/signal.h:328,
                 from /testbed/single_include/catch2/catch.hpp:5689,
                 from /testbed/projects/ExtraTests/X10-FallbackStringifier.cpp:13:
/usr/include/unistd.h:640:17: note: 'long int sysconf(int)' declared here
  640 | extern long int sysconf (int __name) __THROW;
      |                 ^~~~~~~
In file included from /testbed/projects/ExtraTests/X10-FallbackStringifier.cpp:13:
/testbed/single_include/catch2/catch.hpp:8363:45: error: size of array 'altStackMem' is not an integral constant-expression
 8363 |     char FatalConditionHandler::altStackMem[sigStackSize] = {};
      |                                             ^~~~~~~~~~~~
In file included from /usr/include/signal.h:328,
                 from /testbed/single_include/catch2/catch.hpp:5689,
                 from /testbed/projects/ExtraTests/X03-DisabledExceptions-DefaultHandler.cpp:2:
/testbed/single_include/catch2/catch.hpp:8304:58: error: call to non-'constexpr' function 'long int sysconf(int)'
 8304 |     constexpr static std::size_t sigStackSize = 32768 >= MINSIGSTKSZ ? 32768 : MINSIGSTKSZ;
      |                                                          ^~~~~~~~~~~
In file included from /usr/include/x86_64-linux-gnu/bits/sigstksz.h:24,
                 from /usr/include/signal.h:328,
                 from /testbed/single_include/catch2/catch.hpp:5689,
                 from /testbed/projects/ExtraTests/X03-DisabledExceptions-DefaultHandler.cpp:2:
/usr/include/unistd.h:640:17: note: 'long int sysconf(int)' declared here
  640 | extern long int sysconf (int __name) __THROW;
      |                 ^~~~~~~
In file included from /testbed/projects/ExtraTests/X03-DisabledExceptions-DefaultHandler.cpp:2:
/testbed/single_include/catch2/catch.hpp:8363:45: error: size of array 'altStackMem' is not an integral constant-expression
 8363 |     char FatalConditionHandler::altStackMem[sigStackSize] = {};
      |                                             ^~~~~~~~~~~~
In file included from /usr/include/signal.h:328,
                 from /testbed/single_include/catch2/catch.hpp:5689,
                 from /testbed/projects/ExtraTests/X04-DisabledExceptions-CustomHandler.cpp:4:
/testbed/single_include/catch2/catch.hpp:8304:58: error: call to non-'constexpr' function 'long int sysconf(int)'
 8304 |     constexpr static std::size_t sigStackSize = 32768 >= MINSIGSTKSZ ? 32768 : MINSIGSTKSZ;
      |                                                          ^~~~~~~~~~~
In file included from /usr/include/x86_64-linux-gnu/bits/sigstksz.h:24,
                 from /usr/include/signal.h:328,
                 from /testbed/single_include/catch2/catch.hpp:5689,
                 from /testbed/projects/ExtraTests/X04-DisabledExceptions-CustomHandler.cpp:4:
/usr/include/unistd.h:640:17: note: 'long int sysconf(int)' declared here
  640 | extern long int sysconf (int __name) __THROW;
      |                 ^~~~~~~
In file included from /testbed/projects/ExtraTests/X04-DisabledExceptions-CustomHandler.cpp:4:
/testbed/single_include/catch2/catch.hpp:8363:45: error: size of array 'altStackMem' is not an integral constant-expression
 8363 |     char FatalConditionHandler::altStackMem[sigStackSize] = {};
      |                                             ^~~~~~~~~~~~
[  9%] Building CXX object projects/CMakeFiles/SelfTest.dir/SelfTest/IntrospectiveTests/Xml.tests.cpp.o
[ 10%] Building CXX object projects/CMakeFiles/SelfTest.dir/SelfTest/UsageTests/Approx.tests.cpp.o
[ 11%] Building CXX object projects/CMakeFiles/SelfTest.dir/SelfTest/UsageTests/BDD.tests.cpp.o
[ 12%] Building CXX object projects/CMakeFiles/SelfTest.dir/SelfTest/UsageTests/Benchmark.tests.cpp.o
[ 13%] Building CXX object projects/CMakeFiles/SelfTest.dir/SelfTest/UsageTests/Class.tests.cpp.o
[ 14%] Building CXX object projects/CMakeFiles/SelfTest.dir/SelfTest/UsageTests/Compilation.tests.cpp.o
[ 15%] Building CXX object projects/CMakeFiles/SelfTest.dir/SelfTest/UsageTests/Condition.tests.cpp.o
[ 15%] Building CXX object projects/CMakeFiles/SelfTest.dir/SelfTest/UsageTests/Decomposition.tests.cpp.o
[ 16%] Building CXX object projects/CMakeFiles/SelfTest.dir/SelfTest/UsageTests/EnumToString.tests.cpp.o
[ 17%] Building CXX object projects/CMakeFiles/SelfTest.dir/SelfTest/UsageTests/Exception.tests.cpp.o
[ 18%] Building CXX object projects/CMakeFiles/SelfTest.dir/SelfTest/UsageTests/Generators.tests.cpp.o
[ 19%] Building CXX object projects/CMakeFiles/SelfTest.dir/SelfTest/UsageTests/Message.tests.cpp.o
[ 20%] Building CXX object projects/CMakeFiles/SelfTest.dir/SelfTest/UsageTests/Misc.tests.cpp.o
[ 20%] Building CXX object projects/CMakeFiles/SelfTest.dir/SelfTest/UsageTests/ToStringChrono.tests.cpp.o
[ 21%] Building CXX object projects/CMakeFiles/SelfTest.dir/SelfTest/UsageTests/ToStringGeneral.tests.cpp.o
[ 22%] Building CXX object projects/CMakeFiles/SelfTest.dir/SelfTest/UsageTests/ToStringPair.tests.cpp.o
[ 23%] Building CXX object projects/CMakeFiles/SelfTest.dir/SelfTest/UsageTests/ToStringTuple.tests.cpp.o
[ 24%] Building CXX object projects/CMakeFiles/SelfTest.dir/SelfTest/UsageTests/ToStringVariant.tests.cpp.o
[ 25%] Building CXX object projects/CMakeFiles/SelfTest.dir/SelfTest/UsageTests/ToStringVector.tests.cpp.o
[ 25%] Building CXX object projects/CMakeFiles/SelfTest.dir/SelfTest/UsageTests/ToStringWhich.tests.cpp.o
make[2]: *** [projects/ExtraTests/CMakeFiles/FallbackStringifier.dir/build.make:76: projects/ExtraTests/CMakeFiles/FallbackStringifier.dir/X10-FallbackStringifier.cpp.o] Error 1
make[1]: *** [CMakeFiles/Makefile2:1012: projects/ExtraTests/CMakeFiles/FallbackStringifier.dir/all] Error 2
make[1]: *** Waiting for unfinished jobs....
[ 26%] Building CXX object projects/CMakeFiles/SelfTest.dir/SelfTest/UsageTests/Tricky.tests.cpp.o
[ 27%] Building CXX object projects/CMakeFiles/SelfTest.dir/SelfTest/UsageTests/VariadicMacros.tests.cpp.o
[ 28%] Building CXX object projects/CMakeFiles/SelfTest.dir/SelfTest/UsageTests/Matchers.tests.cpp.o
[ 29%] Building CXX object projects/CMakeFiles/SelfTest.dir/__/include/internal/catch_approx.cpp.o
[ 30%] Building CXX object projects/CMakeFiles/SelfTest.dir/__/include/internal/catch_assertionhandler.cpp.o
[ 30%] Building CXX object projects/CMakeFiles/SelfTest.dir/__/include/internal/catch_assertionresult.cpp.o
[ 31%] Building CXX object projects/CMakeFiles/SelfTest.dir/__/include/internal/catch_benchmark.cpp.o
[ 32%] Building CXX object projects/CMakeFiles/SelfTest.dir/__/include/internal/catch_capture_matchers.cpp.o
[ 33%] Building CXX object projects/CMakeFiles/SelfTest.dir/__/include/internal/catch_commandline.cpp.o
make[2]: *** [projects/ExtraTests/CMakeFiles/PrefixedMacros.dir/build.make:76: projects/ExtraTests/CMakeFiles/PrefixedMacros.dir/X01-PrefixedMacros.cpp.o] Error 1
make[1]: *** [CMakeFiles/Makefile2:908: projects/ExtraTests/CMakeFiles/PrefixedMacros.dir/all] Error 2
[ 34%] Building CXX object projects/CMakeFiles/SelfTest.dir/__/include/internal/catch_common.cpp.o
make[2]: *** [projects/ExtraTests/CMakeFiles/DisabledExceptions-CustomHandler.dir/build.make:76: projects/ExtraTests/CMakeFiles/DisabledExceptions-CustomHandler.dir/X04-DisabledExceptions-CustomHandler.cpp.o] Error 1
make[1]: *** [CMakeFiles/Makefile2:986: projects/ExtraTests/CMakeFiles/DisabledExceptions-CustomHandler.dir/all] Error 2
[ 36%] Building CXX object projects/CMakeFiles/SelfTest.dir/__/include/internal/catch_config.cpp.o
[ 36%] Building CXX object projects/CMakeFiles/SelfTest.dir/__/include/internal/catch_console_colour.cpp.o
make[2]: *** [projects/ExtraTests/CMakeFiles/DisabledExceptions-DefaultHandler.dir/build.make:76: projects/ExtraTests/CMakeFiles/DisabledExceptions-DefaultHandler.dir/X03-DisabledExceptions-DefaultHandler.cpp.o] Error 1
make[1]: *** [CMakeFiles/Makefile2:960: projects/ExtraTests/CMakeFiles/DisabledExceptions-DefaultHandler.dir/all] Error 2
[ 36%] Building CXX object projects/CMakeFiles/SelfTest.dir/__/include/internal/catch_context.cpp.o
[ 37%] Building CXX object projects/CMakeFiles/SelfTest.dir/__/include/internal/catch_debug_console.cpp.o
make[2]: *** [projects/ExtraTests/CMakeFiles/DisableStringification.dir/build.make:76: projects/ExtraTests/CMakeFiles/DisableStringification.dir/X11-DisableStringification.cpp.o] Error 1
make[1]: *** [CMakeFiles/Makefile2:1038: projects/ExtraTests/CMakeFiles/DisableStringification.dir/all] Error 2
[ 38%] Building CXX object projects/CMakeFiles/SelfTest.dir/__/include/internal/catch_debugger.cpp.o
[ 39%] Building CXX object projects/CMakeFiles/SelfTest.dir/__/include/internal/catch_decomposer.cpp.o
[ 40%] Building CXX object projects/CMakeFiles/SelfTest.dir/__/include/internal/catch_enforce.cpp.o
[ 41%] Building CXX object projects/CMakeFiles/SelfTest.dir/__/include/internal/catch_errno_guard.cpp.o
[ 41%] Building CXX object projects/CMakeFiles/SelfTest.dir/__/include/internal/catch_exception_translator_registry.cpp.o
[ 42%] Building CXX object projects/CMakeFiles/SelfTest.dir/__/include/internal/catch_fatal_condition.cpp.o
[ 43%] Building CXX object projects/CMakeFiles/SelfTest.dir/__/include/internal/catch_generators.cpp.o
[ 44%] Building CXX object projects/CMakeFiles/SelfTest.dir/__/include/internal/catch_interfaces_capture.cpp.o
[ 45%] Building CXX object projects/CMakeFiles/SelfTest.dir/__/include/internal/catch_interfaces_config.cpp.o
[ 46%] Building CXX object projects/CMakeFiles/SelfTest.dir/__/include/internal/catch_interfaces_exception.cpp.o
In file included from /usr/include/signal.h:328,
                 from /testbed/include/internal/catch_fatal_condition.h:38,
                 from /testbed/include/internal/catch_fatal_condition.cpp:10:
/testbed/include/internal/catch_fatal_condition.cpp:100:58: error: call to non-'constexpr' function 'long int sysconf(int)'
  100 |     constexpr static std::size_t sigStackSize = 32768 >= MINSIGSTKSZ ? 32768 : MINSIGSTKSZ;
      |                                                          ^~~~~~~~~~~
In file included from /usr/include/x86_64-linux-gnu/bits/sigstksz.h:24,
                 from /usr/include/signal.h:328,
                 from /testbed/include/internal/catch_fatal_condition.h:38,
                 from /testbed/include/internal/catch_fatal_condition.cpp:10:
/usr/include/unistd.h:640:17: note: 'long int sysconf(int)' declared here
  640 | extern long int sysconf (int __name) __THROW;
      |                 ^~~~~~~
/testbed/include/internal/catch_fatal_condition.cpp:161:45: error: size of array 'altStackMem' is not an integral constant-expression
  161 |     char FatalConditionHandler::altStackMem[sigStackSize] = {};
      |                                             ^~~~~~~~~~~~
[ 46%] Building CXX object projects/CMakeFiles/SelfTest.dir/__/include/internal/catch_interfaces_registry_hub.cpp.o
make[2]: *** [projects/CMakeFiles/SelfTest.dir/build.make:706: projects/CMakeFiles/SelfTest.dir/__/include/internal/catch_fatal_condition.cpp.o] Error 1
make[2]: *** Waiting for unfinished jobs....
[ 47%] Building CXX object projects/CMakeFiles/SelfTest.dir/__/include/internal/catch_interfaces_runner.cpp.o
make[2]: *** [projects/ExtraTests/CMakeFiles/DisabledMacros.dir/build.make:76: projects/ExtraTests/CMakeFiles/DisabledMacros.dir/X02-DisabledMacros.cpp.o] Error 1
make[1]: *** [CMakeFiles/Makefile2:934: projects/ExtraTests/CMakeFiles/DisabledMacros.dir/all] Error 2
make[1]: *** [CMakeFiles/Makefile2:882: projects/CMakeFiles/SelfTest.dir/all] Error 2
make: *** [Makefile:146: all] Error 2
++ nproc
+ CTEST_OUTPUT_ON_FAILURE=1
+ ctest -j 12
Test project /testbed/Build-Debug
Unable to find executable: /testbed/Build-Debug/projects/SelfTest
Unable to find executable: /testbed/Build-Debug/projects/SelfTest
Unable to find executable: /testbed/Build-Debug/projects/SelfTest
Unable to find executable: /testbed/Build-Debug/projects/SelfTest
Unable to find executable: /testbed/Build-Debug/projects/SelfTest
Unable to find executable: /testbed/Build-Debug/projects/SelfTest
Unable to find executable: /testbed/Build-Debug/projects/SelfTest
      Start  1: RunTests
Could not find executable /testbed/Build-Debug/projects/SelfTest
Looked in the following places:
/testbed/Build-Debug/projects/SelfTest
/testbed/Build-Debug/projects/SelfTest
/testbed/Build-Debug/projects/Release/SelfTest
/testbed/Build-Debug/projects/Release/SelfTest
/testbed/Build-Debug/projects/Debug/SelfTest
/testbed/Build-Debug/projects/Debug/SelfTest
/testbed/Build-Debug/projects/MinSizeRel/SelfTest
/testbed/Build-Debug/projects/MinSizeRel/SelfTest
/testbed/Build-Debug/projects/RelWithDebInfo/SelfTest
/testbed/Build-Debug/projects/RelWithDebInfo/SelfTest
/testbed/Build-Debug/projects/Deployment/SelfTest
/testbed/Build-Debug/projects/Deployment/SelfTest
/testbed/Build-Debug/projects/Development/SelfTest
/testbed/Build-Debug/projects/Development/SelfTest
testbed/Build-Debug/projects/SelfTest
testbed/Build-Debug/projects/SelfTest
testbed/Build-Debug/projects/Release/SelfTest
testbed/Build-Debug/projects/Release/SelfTest
testbed/Build-Debug/projects/Debug/SelfTest
testbed/Build-Debug/projects/Debug/SelfTest
testbed/Build-Debug/projects/MinSizeRel/SelfTest
testbed/Build-Debug/projects/MinSizeRel/SelfTest
testbed/Build-Debug/projects/RelWithDebInfo/SelfTest
testbed/Build-Debug/projects/RelWithDebInfo/SelfTest
testbed/Build-Debug/projects/Deployment/SelfTest
testbed/Build-Debug/projects/Deployment/SelfTest
testbed/Build-Debug/projects/Development/SelfTest
testbed/Build-Debug/projects/Development/SelfTest
 1/17 Test  #1: RunTests ...............................***Not Run   0.00 sec
      Start  2: ListTests
Could not find executable /testbed/Build-Debug/projects/SelfTest
Looked in the following places:
/testbed/Build-Debug/projects/SelfTest
/testbed/Build-Debug/projects/SelfTest
/testbed/Build-Debug/projects/Release/SelfTest
/testbed/Build-Debug/projects/Release/SelfTest
/testbed/Build-Debug/projects/Debug/SelfTest
/testbed/Build-Debug/projects/Debug/SelfTest
/testbed/Build-Debug/projects/MinSizeRel/SelfTest
/testbed/Build-Debug/projects/MinSizeRel/SelfTest
/testbed/Build-Debug/projects/RelWithDebInfo/SelfTest
/testbed/Build-Debug/projects/RelWithDebInfo/SelfTest
/testbed/Build-Debug/projects/Deployment/SelfTest
/testbed/Build-Debug/projects/Deployment/SelfTest
/testbed/Build-Debug/projects/Development/SelfTest
/testbed/Build-Debug/projects/Development/SelfTest
testbed/Build-Debug/projects/SelfTest
testbed/Build-Debug/projects/SelfTest
testbed/Build-Debug/projects/Release/SelfTest
testbed/Build-Debug/projects/Release/SelfTest
testbed/Build-Debug/projects/Debug/SelfTest
testbed/Build-Debug/projects/Debug/SelfTest
testbed/Build-Debug/projects/MinSizeRel/SelfTest
testbed/Build-Debug/projects/MinSizeRel/SelfTest
testbed/Build-Debug/projects/RelWithDebInfo/SelfTest
testbed/Build-Debug/projects/RelWithDebInfo/SelfTest
testbed/Build-Debug/projects/Deployment/SelfTest
testbed/Build-Debug/projects/Deployment/SelfTest
testbed/Build-Debug/projects/Development/SelfTest
testbed/Build-Debug/projects/Development/SelfTest
 2/17 Test  #2: ListTests ..............................***Not Run   0.00 sec
      Start  3: ListTags
Could not find executable /testbed/Build-Debug/projects/SelfTest
Looked in the following places:
/testbed/Build-Debug/projects/SelfTest
/testbed/Build-Debug/projects/SelfTest
/testbed/Build-Debug/projects/Release/SelfTest
/testbed/Build-Debug/projects/Release/SelfTest
/testbed/Build-Debug/projects/Debug/SelfTest
/testbed/Build-Debug/projects/Debug/SelfTest
/testbed/Build-Debug/projects/MinSizeRel/SelfTest
/testbed/Build-Debug/projects/MinSizeRel/SelfTest
/testbed/Build-Debug/projects/RelWithDebInfo/SelfTest
/testbed/Build-Debug/projects/RelWithDebInfo/SelfTest
/testbed/Build-Debug/projects/Deployment/SelfTest
/testbed/Build-Debug/projects/Deployment/SelfTest
/testbed/Build-Debug/projects/Development/SelfTest
/testbed/Build-Debug/projects/Development/SelfTest
testbed/Build-Debug/projects/SelfTest
testbed/Build-Debug/projects/SelfTest
testbed/Build-Debug/projects/Release/SelfTest
testbed/Build-Debug/projects/Release/SelfTest
testbed/Build-Debug/projects/Debug/SelfTest
testbed/Build-Debug/projects/Debug/SelfTest
testbed/Build-Debug/projects/MinSizeRel/SelfTest
testbed/Build-Debug/projects/MinSizeRel/SelfTest
testbed/Build-Debug/projects/RelWithDebInfo/SelfTest
testbed/Build-Debug/projects/RelWithDebInfo/SelfTest
testbed/Build-Debug/projects/Deployment/SelfTest
testbed/Build-Debug/projects/Deployment/SelfTest
testbed/Build-Debug/projects/Development/SelfTest
testbed/Build-Debug/projects/Development/SelfTest
 3/17 Test  #3: ListTags ...............................***Not Run   0.00 sec
      Start  4: ListReporters
Could not find executable /testbed/Build-Debug/projects/SelfTest
Looked in the following places:
/testbed/Build-Debug/projects/SelfTest
/testbed/Build-Debug/projects/SelfTest
/testbed/Build-Debug/projects/Release/SelfTest
/testbed/Build-Debug/projects/Release/SelfTest
/testbed/Build-Debug/projects/Debug/SelfTest
/testbed/Build-Debug/projects/Debug/SelfTest
/testbed/Build-Debug/projects/MinSizeRel/SelfTest
/testbed/Build-Debug/projects/MinSizeRel/SelfTest
/testbed/Build-Debug/projects/RelWithDebInfo/SelfTest
/testbed/Build-Debug/projects/RelWithDebInfo/SelfTest
/testbed/Build-Debug/projects/Deployment/SelfTest
/testbed/Build-Debug/projects/Deployment/SelfTest
/testbed/Build-Debug/projects/Development/SelfTest
/testbed/Build-Debug/projects/Development/SelfTest
testbed/Build-Debug/projects/SelfTest
testbed/Build-Debug/projects/SelfTest
testbed/Build-Debug/projects/Release/SelfTest
testbed/Build-Debug/projects/Release/SelfTest
testbed/Build-Debug/projects/Debug/SelfTest
testbed/Build-Debug/projects/Debug/SelfTest
testbed/Build-Debug/projects/MinSizeRel/SelfTest
testbed/Build-Debug/projects/MinSizeRel/SelfTest
testbed/Build-Debug/projects/RelWithDebInfo/SelfTest
testbed/Build-Debug/projects/RelWithDebInfo/SelfTest
testbed/Build-Debug/projects/Deployment/SelfTest
testbed/Build-Debug/projects/Deployment/SelfTest
testbed/Build-Debug/projects/Development/SelfTest
testbed/Build-Debug/projects/Development/SelfTest
 4/17 Test  #4: ListReporters ..........................***Not Run   0.00 sec
      Start  5: ListTestNamesOnly
Could not find executable /testbed/Build-Debug/projects/SelfTest
Looked in the following places:
/testbed/Build-Debug/projects/SelfTest
/testbed/Build-Debug/projects/SelfTest
/testbed/Build-Debug/projects/Release/SelfTest
/testbed/Build-Debug/projects/Release/SelfTest
/testbed/Build-Debug/projects/Debug/SelfTest
/testbed/Build-Debug/projects/Debug/SelfTest
/testbed/Build-Debug/projects/MinSizeRel/SelfTest
/testbed/Build-Debug/projects/MinSizeRel/SelfTest
/testbed/Build-Debug/projects/RelWithDebInfo/SelfTest
/testbed/Build-Debug/projects/RelWithDebInfo/SelfTest
/testbed/Build-Debug/projects/Deployment/SelfTest
/testbed/Build-Debug/projects/Deployment/SelfTest
/testbed/Build-Debug/projects/Development/SelfTest
/testbed/Build-Debug/projects/Development/SelfTest
testbed/Build-Debug/projects/SelfTest
testbed/Build-Debug/projects/SelfTest
testbed/Build-Debug/projects/Release/SelfTest
testbed/Build-Debug/projects/Release/SelfTest
testbed/Build-Debug/projects/Debug/SelfTest
testbed/Build-Debug/projects/Debug/SelfTest
testbed/Build-Debug/projects/MinSizeRel/SelfTest
testbed/Build-Debug/projects/MinSizeRel/SelfTest
testbed/Build-Debug/projects/RelWithDebInfo/SelfTest
testbed/Build-Debug/projects/RelWithDebInfo/SelfTest
testbed/Build-Debug/projects/Deployment/SelfTest
testbed/Build-Debug/projects/Deployment/SelfTest
testbed/Build-Debug/projects/Development/SelfTest
testbed/Build-Debug/projects/Development/SelfTest
 5/17 Test  #5: ListTestNamesOnly ......................***Not Run   0.00 sec
      Start  6: NoAssertions
Could not find executable /testbed/Build-Debug/projects/SelfTest
Looked in the following places:
/testbed/Build-Debug/projects/SelfTest
/testbed/Build-Debug/projects/SelfTest
/testbed/Build-Debug/projects/Release/SelfTest
/testbed/Build-Debug/projects/Release/SelfTest
/testbed/Build-Debug/projects/Debug/SelfTest
/testbed/Build-Debug/projects/Debug/SelfTest
/testbed/Build-Debug/projects/MinSizeRel/SelfTest
/testbed/Build-Debug/projects/MinSizeRel/SelfTest
/testbed/Build-Debug/projects/RelWithDebInfo/SelfTest
/testbed/Build-Debug/projects/RelWithDebInfo/SelfTest
/testbed/Build-Debug/projects/Deployment/SelfTest
/testbed/Build-Debug/projects/Deployment/SelfTest
/testbed/Build-Debug/projects/Development/SelfTest
/testbed/Build-Debug/projects/Development/SelfTest
testbed/Build-Debug/projects/SelfTest
testbed/Build-Debug/projects/SelfTest
testbed/Build-Debug/projects/Release/SelfTest
testbed/Build-Debug/projects/Release/SelfTest
testbed/Build-Debug/projects/Debug/SelfTest
testbed/Build-Debug/projects/Debug/SelfTest
testbed/Build-Debug/projects/MinSizeRel/SelfTest
testbed/Build-Debug/projects/MinSizeRel/SelfTest
testbed/Build-Debug/projects/RelWithDebInfo/SelfTest
testbed/Build-Debug/projects/RelWithDebInfo/SelfTest
testbed/Build-Debug/projects/Deployment/SelfTest
testbed/Build-Debug/projects/Deployment/SelfTest
testbed/Build-Debug/projects/Development/SelfTest
testbed/Build-Debug/projects/Development/SelfTest
 6/17 Test  #6: NoAssertions ...........................***Not Run   0.00 sec
      Start  7: NoTest
Could not find executable /testbed/Build-Debug/projects/SelfTest
Looked in the following places:
/testbed/Build-Debug/projects/SelfTest
/testbed/Build-Debug/projects/SelfTest
/testbed/Build-Debug/projects/Release/SelfTest
/testbed/Build-Debug/projects/Release/SelfTest
/testbed/Build-Debug/projects/Debug/SelfTest
/testbed/Build-Debug/projects/Debug/SelfTest
/testbed/Build-Debug/projects/MinSizeRel/SelfTest
/testbed/Build-Debug/projects/MinSizeRel/SelfTest
/testbed/Build-Debug/projects/RelWithDebInfo/SelfTest
/testbed/Build-Debug/projects/RelWithDebInfo/SelfTest
/testbed/Build-Debug/projects/Deployment/SelfTest
/testbed/Build-Debug/projects/Deployment/SelfTest
/testbed/Build-Debug/projects/Development/SelfTest
/testbed/Build-Debug/projects/Development/SelfTest
testbed/Build-Debug/projects/SelfTest
testbed/Build-Debug/projects/SelfTest
testbed/Build-Debug/projects/Release/SelfTest
testbed/Build-Debug/projects/Release/SelfTest
testbed/Build-Debug/projects/Debug/SelfTest
testbed/Build-Debug/projects/Debug/SelfTest
testbed/Build-Debug/projects/MinSizeRel/SelfTest
testbed/Build-Debug/projects/MinSizeRel/SelfTest
testbed/Build-Debug/projects/RelWithDebInfo/SelfTest
testbed/Build-Debug/projects/RelWithDebInfo/SelfTest
testbed/Build-Debug/projects/Deployment/SelfTest
testbed/Build-Debug/projects/Deployment/SelfTest
testbed/Build-Debug/projects/Development/SelfTest
testbed/Build-Debug/projects/Development/SelfTest
 7/17 Test  #7: NoTest .................................***Not Run   0.00 sec
      Start  8: ApprovalTests
      Start  9: CATCH_CONFIG_PREFIX_ALL
Could not find executable /testbed/Build-Debug/projects/ExtraTests/PrefixedMacros
Looked in the following places:
/testbed/Build-Debug/projects/ExtraTests/PrefixedMacros
/testbed/Build-Debug/projects/ExtraTests/PrefixedMacros
/testbed/Build-Debug/projects/ExtraTests/Release/PrefixedMacros
/testbed/Build-Debug/projects/ExtraTests/Release/PrefixedMacros
/testbed/Build-Debug/projects/ExtraTests/Debug/PrefixedMacros
/testbed/Build-Debug/projects/ExtraTests/Debug/PrefixedMacros
/testbed/Build-Debug/projects/ExtraTests/MinSizeRel/PrefixedMacros
/testbed/Build-Debug/projects/ExtraTests/MinSizeRel/PrefixedMacros
/testbed/Build-Debug/projects/ExtraTests/RelWithDebInfo/PrefixedMacros
/testbed/Build-Debug/projects/ExtraTests/RelWithDebInfo/PrefixedMacros
/testbed/Build-Debug/projects/ExtraTests/Deployment/PrefixedMacros
/testbed/Build-Debug/projects/ExtraTests/Deployment/PrefixedMacros
/testbed/Build-Debug/projects/ExtraTests/Development/PrefixedMacros
/testbed/Build-Debug/projects/ExtraTests/Development/PrefixedMacros
testbed/Build-Debug/projects/ExtraTests/PrefixedMacros
testbed/Build-Debug/projects/ExtraTests/PrefixedMacros
testbed/Build-Debug/projects/ExtraTests/Release/PrefixedMacros
testbed/Build-Debug/projects/ExtraTests/Release/PrefixedMacros
testbed/Build-Debug/projects/ExtraTests/Debug/PrefixedMacros
testbed/Build-Debug/projects/ExtraTests/Debug/PrefixedMacros
testbed/Build-Debug/projects/ExtraTests/MinSizeRel/PrefixedMacros
testbed/Build-Debug/projects/ExtraTests/MinSizeRel/PrefixedMacros
testbed/Build-Debug/projects/ExtraTests/RelWithDebInfo/PrefixedMacros
testbed/Build-Debug/projects/ExtraTests/RelWithDebInfo/PrefixedMacros
testbed/Build-Debug/projects/ExtraTests/Deployment/PrefixedMacros
testbed/Build-Debug/projects/ExtraTests/Deployment/PrefixedMacros
testbed/Build-Debug/projects/ExtraTests/Development/PrefixedMacros
testbed/Build-Debug/projects/ExtraTests/Development/PrefixedMacros
Unable to find executable: /testbed/Build-Debug/projects/ExtraTests/PrefixedMacros
 8/17 Test  #9: CATCH_CONFIG_PREFIX_ALL ................***Not Run   0.00 sec
      Start 10: CATCH_CONFIG_DISABLE-1
Could not find executable /testbed/Build-Debug/projects/ExtraTests/DisabledMacros
Looked in the following places:
/testbed/Build-Debug/projects/ExtraTests/DisabledMacros
/testbed/Build-Debug/projects/ExtraTests/DisabledMacros
/testbed/Build-Debug/projects/ExtraTests/Release/DisabledMacros
/testbed/Build-Debug/projects/ExtraTests/Release/DisabledMacros
/testbed/Build-Debug/projects/ExtraTests/Debug/DisabledMacros
/testbed/Build-Debug/projects/ExtraTests/Debug/DisabledMacros
/testbed/Build-Debug/projects/ExtraTests/MinSizeRel/DisabledMacros
/testbed/Build-Debug/projects/ExtraTests/MinSizeRel/DisabledMacros
/testbed/Build-Debug/projects/ExtraTests/RelWithDebInfo/DisabledMacros
/testbed/Build-Debug/projects/ExtraTests/RelWithDebInfo/DisabledMacros
/testbed/Build-Debug/projects/ExtraTests/Deployment/DisabledMacros
/testbed/Build-Debug/projects/ExtraTests/Deployment/DisabledMacros
/testbed/Build-Debug/projects/ExtraTests/Development/DisabledMacros
/testbed/Build-Debug/projects/ExtraTests/Development/DisabledMacros
testbed/Build-Debug/projects/ExtraTests/DisabledMacros
testbed/Build-Debug/projects/ExtraTests/DisabledMacros
testbed/Build-Debug/projects/ExtraTests/Release/DisabledMacros
testbed/Build-Debug/projects/ExtraTests/Release/DisabledMacros
testbed/Build-Debug/projects/ExtraTests/Debug/DisabledMacros
testbed/Build-Debug/projects/ExtraTests/Debug/DisabledMacros
testbed/Build-Debug/projects/ExtraTests/MinSizeRel/DisabledMacros
testbed/Build-Debug/projects/ExtraTests/MinSizeRel/DisabledMacros
testbed/Build-Debug/projects/ExtraTests/RelWithDebInfo/DisabledMacros
testbed/Build-Debug/projects/ExtraTests/RelWithDebInfo/DisabledMacros
testbed/Build-Debug/projects/ExtraTests/Deployment/DisabledMacros
testbed/Build-Debug/projects/ExtraTests/Deployment/DisabledMacros
testbed/Build-Debug/projects/ExtraTests/Development/DisabledMacros
testbed/Build-Debug/projects/ExtraTests/Development/DisabledMacros
Unable to find executable: /testbed/Build-Debug/projects/ExtraTests/DisabledMacros
 9/17 Test #10: CATCH_CONFIG_DISABLE-1 .................***Not Run   0.00 sec
      Start 11: CATCH_CONFIG_DISABLE-2
Unable to find executable: /testbed/Build-Debug/projects/ExtraTests/DisabledMacros
Unable to find executable: /testbed/Build-Debug/projects/ExtraTests/DisabledExceptions-DefaultHandler
Unable to find executable: /testbed/Build-Debug/projects/ExtraTests/DisabledExceptions-DefaultHandler
Unable to find executable: /testbed/Build-Debug/projects/ExtraTests/DisabledExceptions-CustomHandler
Unable to find executable: /testbed/Build-Debug/projects/ExtraTests/DisabledExceptions-CustomHandler
Unable to find executable: /testbed/Build-Debug/projects/ExtraTests/FallbackStringifier
Could not find executable /testbed/Build-Debug/projects/ExtraTests/DisabledMacros
Looked in the following places:
/testbed/Build-Debug/projects/ExtraTests/DisabledMacros
/testbed/Build-Debug/projects/ExtraTests/DisabledMacros
/testbed/Build-Debug/projects/ExtraTests/Release/DisabledMacros
/testbed/Build-Debug/projects/ExtraTests/Release/DisabledMacros
/testbed/Build-Debug/projects/ExtraTests/Debug/DisabledMacros
/testbed/Build-Debug/projects/ExtraTests/Debug/DisabledMacros
/testbed/Build-Debug/projects/ExtraTests/MinSizeRel/DisabledMacros
/testbed/Build-Debug/projects/ExtraTests/MinSizeRel/DisabledMacros
/testbed/Build-Debug/projects/ExtraTests/RelWithDebInfo/DisabledMacros
/testbed/Build-Debug/projects/ExtraTests/RelWithDebInfo/DisabledMacros
/testbed/Build-Debug/projects/ExtraTests/Deployment/DisabledMacros
/testbed/Build-Debug/projects/ExtraTests/Deployment/DisabledMacros
/testbed/Build-Debug/projects/ExtraTests/Development/DisabledMacros
/testbed/Build-Debug/projects/ExtraTests/Development/DisabledMacros
testbed/Build-Debug/projects/ExtraTests/DisabledMacros
testbed/Build-Debug/projects/ExtraTests/DisabledMacros
testbed/Build-Debug/projects/ExtraTests/Release/DisabledMacros
testbed/Build-Debug/projects/ExtraTests/Release/DisabledMacros
testbed/Build-Debug/projects/ExtraTests/Debug/DisabledMacros
testbed/Build-Debug/projects/ExtraTests/Debug/DisabledMacros
testbed/Build-Debug/projects/ExtraTests/MinSizeRel/DisabledMacros
testbed/Build-Debug/projects/ExtraTests/MinSizeRel/DisabledMacros
testbed/Build-Debug/projects/ExtraTests/RelWithDebInfo/DisabledMacros
testbed/Build-Debug/projects/ExtraTests/RelWithDebInfo/DisabledMacros
testbed/Build-Debug/projects/ExtraTests/Deployment/DisabledMacros
testbed/Build-Debug/projects/ExtraTests/Deployment/DisabledMacros
testbed/Build-Debug/projects/ExtraTests/Development/DisabledMacros
testbed/Build-Debug/projects/ExtraTests/Development/DisabledMacros
10/17 Test #11: CATCH_CONFIG_DISABLE-2 .................***Not Run   0.00 sec
      Start 12: CATCH_CONFIG_DISABLE_EXCEPTIONS-1
Could not find executable /testbed/Build-Debug/projects/ExtraTests/DisabledExceptions-DefaultHandler
Looked in the following places:
/testbed/Build-Debug/projects/ExtraTests/DisabledExceptions-DefaultHandler
/testbed/Build-Debug/projects/ExtraTests/DisabledExceptions-DefaultHandler
/testbed/Build-Debug/projects/ExtraTests/Release/DisabledExceptions-DefaultHandler
/testbed/Build-Debug/projects/ExtraTests/Release/DisabledExceptions-DefaultHandler
/testbed/Build-Debug/projects/ExtraTests/Debug/DisabledExceptions-DefaultHandler
/testbed/Build-Debug/projects/ExtraTests/Debug/DisabledExceptions-DefaultHandler
/testbed/Build-Debug/projects/ExtraTests/MinSizeRel/DisabledExceptions-DefaultHandler
/testbed/Build-Debug/projects/ExtraTests/MinSizeRel/DisabledExceptions-DefaultHandler
/testbed/Build-Debug/projects/ExtraTests/RelWithDebInfo/DisabledExceptions-DefaultHandler
/testbed/Build-Debug/projects/ExtraTests/RelWithDebInfo/DisabledExceptions-DefaultHandler
/testbed/Build-Debug/projects/ExtraTests/Deployment/DisabledExceptions-DefaultHandler
/testbed/Build-Debug/projects/ExtraTests/Deployment/DisabledExceptions-DefaultHandler
/testbed/Build-Debug/projects/ExtraTests/Development/DisabledExceptions-DefaultHandler
/testbed/Build-Debug/projects/ExtraTests/Development/DisabledExceptions-DefaultHandler
testbed/Build-Debug/projects/ExtraTests/DisabledExceptions-DefaultHandler
testbed/Build-Debug/projects/ExtraTests/DisabledExceptions-DefaultHandler
testbed/Build-Debug/projects/ExtraTests/Release/DisabledExceptions-DefaultHandler
testbed/Build-Debug/projects/ExtraTests/Release/DisabledExceptions-DefaultHandler
testbed/Build-Debug/projects/ExtraTests/Debug/DisabledExceptions-DefaultHandler
testbed/Build-Debug/projects/ExtraTests/Debug/DisabledExceptions-DefaultHandler
testbed/Build-Debug/projects/ExtraTests/MinSizeRel/DisabledExceptions-DefaultHandler
testbed/Build-Debug/projects/ExtraTests/MinSizeRel/DisabledExceptions-DefaultHandler
testbed/Build-Debug/projects/ExtraTests/RelWithDebInfo/DisabledExceptions-DefaultHandler
testbed/Build-Debug/projects/ExtraTests/RelWithDebInfo/DisabledExceptions-DefaultHandler
testbed/Build-Debug/projects/ExtraTests/Deployment/DisabledExceptions-DefaultHandler
testbed/Build-Debug/projects/ExtraTests/Deployment/DisabledExceptions-DefaultHandler
testbed/Build-Debug/projects/ExtraTests/Development/DisabledExceptions-DefaultHandler
testbed/Build-Debug/projects/ExtraTests/Development/DisabledExceptions-DefaultHandler
11/17 Test #12: CATCH_CONFIG_DISABLE_EXCEPTIONS-1 ......***Not Run   0.00 sec
      Start 13: CATCH_CONFIG_DISABLE_EXCEPTIONS-2
Could not find executable /testbed/Build-Debug/projects/ExtraTests/DisabledExceptions-DefaultHandler
Looked in the following places:
/testbed/Build-Debug/projects/ExtraTests/DisabledExceptions-DefaultHandler
/testbed/Build-Debug/projects/ExtraTests/DisabledExceptions-DefaultHandler
/testbed/Build-Debug/projects/ExtraTests/Release/DisabledExceptions-DefaultHandler
/testbed/Build-Debug/projects/ExtraTests/Release/DisabledExceptions-DefaultHandler
/testbed/Build-Debug/projects/ExtraTests/Debug/DisabledExceptions-DefaultHandler
/testbed/Build-Debug/projects/ExtraTests/Debug/DisabledExceptions-DefaultHandler
/testbed/Build-Debug/projects/ExtraTests/MinSizeRel/DisabledExceptions-DefaultHandler
/testbed/Build-Debug/projects/ExtraTests/MinSizeRel/DisabledExceptions-DefaultHandler
/testbed/Build-Debug/projects/ExtraTests/RelWithDebInfo/DisabledExceptions-DefaultHandler
/testbed/Build-Debug/projects/ExtraTests/RelWithDebInfo/DisabledExceptions-DefaultHandler
/testbed/Build-Debug/projects/ExtraTests/Deployment/DisabledExceptions-DefaultHandler
/testbed/Build-Debug/projects/ExtraTests/Deployment/DisabledExceptions-DefaultHandler
/testbed/Build-Debug/projects/ExtraTests/Development/DisabledExceptions-DefaultHandler
/testbed/Build-Debug/projects/ExtraTests/Development/DisabledExceptions-DefaultHandler
testbed/Build-Debug/projects/ExtraTests/DisabledExceptions-DefaultHandler
testbed/Build-Debug/projects/ExtraTests/DisabledExceptions-DefaultHandler
testbed/Build-Debug/projects/ExtraTests/Release/DisabledExceptions-DefaultHandler
testbed/Build-Debug/projects/ExtraTests/Release/DisabledExceptions-DefaultHandler
testbed/Build-Debug/projects/ExtraTests/Debug/DisabledExceptions-DefaultHandler
testbed/Build-Debug/projects/ExtraTests/Debug/DisabledExceptions-DefaultHandler
testbed/Build-Debug/projects/ExtraTests/MinSizeRel/DisabledExceptions-DefaultHandler
testbed/Build-Debug/projects/ExtraTests/MinSizeRel/DisabledExceptions-DefaultHandler
testbed/Build-Debug/projects/ExtraTests/RelWithDebInfo/DisabledExceptions-DefaultHandler
testbed/Build-Debug/projects/ExtraTests/RelWithDebInfo/DisabledExceptions-DefaultHandler
testbed/Build-Debug/projects/ExtraTests/Deployment/DisabledExceptions-DefaultHandler
testbed/Build-Debug/projects/ExtraTests/Deployment/DisabledExceptions-DefaultHandler
testbed/Build-Debug/projects/ExtraTests/Development/DisabledExceptions-DefaultHandler
testbed/Build-Debug/projects/ExtraTests/Development/DisabledExceptions-DefaultHandler
12/17 Test #13: CATCH_CONFIG_DISABLE_EXCEPTIONS-2 ......***Not Run   0.00 sec
      Start 14: CATCH_CONFIG_DISABLE_EXCEPTIONS-3
Could not find executable /testbed/Build-Debug/projects/ExtraTests/DisabledExceptions-CustomHandler
Looked in the following places:
/testbed/Build-Debug/projects/ExtraTests/DisabledExceptions-CustomHandler
/testbed/Build-Debug/projects/ExtraTests/DisabledExceptions-CustomHandler
/testbed/Build-Debug/projects/ExtraTests/Release/DisabledExceptions-CustomHandler
/testbed/Build-Debug/projects/ExtraTests/Release/DisabledExceptions-CustomHandler
/testbed/Build-Debug/projects/ExtraTests/Debug/DisabledExceptions-CustomHandler
/testbed/Build-Debug/projects/ExtraTests/Debug/DisabledExceptions-CustomHandler
/testbed/Build-Debug/projects/ExtraTests/MinSizeRel/DisabledExceptions-CustomHandler
/testbed/Build-Debug/projects/ExtraTests/MinSizeRel/DisabledExceptions-CustomHandler
/testbed/Build-Debug/projects/ExtraTests/RelWithDebInfo/DisabledExceptions-CustomHandler
/testbed/Build-Debug/projects/ExtraTests/RelWithDebInfo/DisabledExceptions-CustomHandler
/testbed/Build-Debug/projects/ExtraTests/Deployment/DisabledExceptions-CustomHandler
/testbed/Build-Debug/projects/ExtraTests/Deployment/DisabledExceptions-CustomHandler
/testbed/Build-Debug/projects/ExtraTests/Development/DisabledExceptions-CustomHandler
/testbed/Build-Debug/projects/ExtraTests/Development/DisabledExceptions-CustomHandler
testbed/Build-Debug/projects/ExtraTests/DisabledExceptions-CustomHandler
testbed/Build-Debug/projects/ExtraTests/DisabledExceptions-CustomHandler
testbed/Build-Debug/projects/ExtraTests/Release/DisabledExceptions-CustomHandler
testbed/Build-Debug/projects/ExtraTests/Release/DisabledExceptions-CustomHandler
testbed/Build-Debug/projects/ExtraTests/Debug/DisabledExceptions-CustomHandler
testbed/Build-Debug/projects/ExtraTests/Debug/DisabledExceptions-CustomHandler
testbed/Build-Debug/projects/ExtraTests/MinSizeRel/DisabledExceptions-CustomHandler
testbed/Build-Debug/projects/ExtraTests/MinSizeRel/DisabledExceptions-CustomHandler
testbed/Build-Debug/projects/ExtraTests/RelWithDebInfo/DisabledExceptions-CustomHandler
testbed/Build-Debug/projects/ExtraTests/RelWithDebInfo/DisabledExceptions-CustomHandler
testbed/Build-Debug/projects/ExtraTests/Deployment/DisabledExceptions-CustomHandler
testbed/Build-Debug/projects/ExtraTests/Deployment/DisabledExceptions-CustomHandler
testbed/Build-Debug/projects/ExtraTests/Development/DisabledExceptions-CustomHandler
testbed/Build-Debug/projects/ExtraTests/Development/DisabledExceptions-CustomHandler
13/17 Test #14: CATCH_CONFIG_DISABLE_EXCEPTIONS-3 ......***Not Run   0.00 sec
Unable to find executable: /testbed/Build-Debug/projects/ExtraTests/DisableStringification
      Start 15: CATCH_CONFIG_DISABLE_EXCEPTIONS-4
Could not find executable /testbed/Build-Debug/projects/ExtraTests/DisabledExceptions-CustomHandler
Looked in the following places:
/testbed/Build-Debug/projects/ExtraTests/DisabledExceptions-CustomHandler
/testbed/Build-Debug/projects/ExtraTests/DisabledExceptions-CustomHandler
/testbed/Build-Debug/projects/ExtraTests/Release/DisabledExceptions-CustomHandler
/testbed/Build-Debug/projects/ExtraTests/Release/DisabledExceptions-CustomHandler
/testbed/Build-Debug/projects/ExtraTests/Debug/DisabledExceptions-CustomHandler
/testbed/Build-Debug/projects/ExtraTests/Debug/DisabledExceptions-CustomHandler
/testbed/Build-Debug/projects/ExtraTests/MinSizeRel/DisabledExceptions-CustomHandler
/testbed/Build-Debug/projects/ExtraTests/MinSizeRel/DisabledExceptions-CustomHandler
/testbed/Build-Debug/projects/ExtraTests/RelWithDebInfo/DisabledExceptions-CustomHandler
/testbed/Build-Debug/projects/ExtraTests/RelWithDebInfo/DisabledExceptions-CustomHandler
/testbed/Build-Debug/projects/ExtraTests/Deployment/DisabledExceptions-CustomHandler
/testbed/Build-Debug/projects/ExtraTests/Deployment/DisabledExceptions-CustomHandler
/testbed/Build-Debug/projects/ExtraTests/Development/DisabledExceptions-CustomHandler
/testbed/Build-Debug/projects/ExtraTests/Development/DisabledExceptions-CustomHandler
testbed/Build-Debug/projects/ExtraTests/DisabledExceptions-CustomHandler
testbed/Build-Debug/projects/ExtraTests/DisabledExceptions-CustomHandler
testbed/Build-Debug/projects/ExtraTests/Release/DisabledExceptions-CustomHandler
testbed/Build-Debug/projects/ExtraTests/Release/DisabledExceptions-CustomHandler
testbed/Build-Debug/projects/ExtraTests/Debug/DisabledExceptions-CustomHandler
testbed/Build-Debug/projects/ExtraTests/Debug/DisabledExceptions-CustomHandler
testbed/Build-Debug/projects/ExtraTests/MinSizeRel/DisabledExceptions-CustomHandler
testbed/Build-Debug/projects/ExtraTests/MinSizeRel/DisabledExceptions-CustomHandler
testbed/Build-Debug/projects/ExtraTests/RelWithDebInfo/DisabledExceptions-CustomHandler
testbed/Build-Debug/projects/ExtraTests/RelWithDebInfo/DisabledExceptions-CustomHandler
testbed/Build-Debug/projects/ExtraTests/Deployment/DisabledExceptions-CustomHandler
testbed/Build-Debug/projects/ExtraTests/Deployment/DisabledExceptions-CustomHandler
testbed/Build-Debug/projects/ExtraTests/Development/DisabledExceptions-CustomHandler
testbed/Build-Debug/projects/ExtraTests/Development/DisabledExceptions-CustomHandler
14/17 Test #15: CATCH_CONFIG_DISABLE_EXCEPTIONS-4 ......***Not Run   0.00 sec
      Start 16: FallbackStringifier
Could not find executable /testbed/Build-Debug/projects/ExtraTests/FallbackStringifier
Looked in the following places:
/testbed/Build-Debug/projects/ExtraTests/FallbackStringifier
/testbed/Build-Debug/projects/ExtraTests/FallbackStringifier
/testbed/Build-Debug/projects/ExtraTests/Release/FallbackStringifier
/testbed/Build-Debug/projects/ExtraTests/Release/FallbackStringifier
/testbed/Build-Debug/projects/ExtraTests/Debug/FallbackStringifier
/testbed/Build-Debug/projects/ExtraTests/Debug/FallbackStringifier
/testbed/Build-Debug/projects/ExtraTests/MinSizeRel/FallbackStringifier
/testbed/Build-Debug/projects/ExtraTests/MinSizeRel/FallbackStringifier
/testbed/Build-Debug/projects/ExtraTests/RelWithDebInfo/FallbackStringifier
/testbed/Build-Debug/projects/ExtraTests/RelWithDebInfo/FallbackStringifier
/testbed/Build-Debug/projects/ExtraTests/Deployment/FallbackStringifier
/testbed/Build-Debug/projects/ExtraTests/Deployment/FallbackStringifier
/testbed/Build-Debug/projects/ExtraTests/Development/FallbackStringifier
/testbed/Build-Debug/projects/ExtraTests/Development/FallbackStringifier
testbed/Build-Debug/projects/ExtraTests/FallbackStringifier
testbed/Build-Debug/projects/ExtraTests/FallbackStringifier
testbed/Build-Debug/projects/ExtraTests/Release/FallbackStringifier
testbed/Build-Debug/projects/ExtraTests/Release/FallbackStringifier
testbed/Build-Debug/projects/ExtraTests/Debug/FallbackStringifier
testbed/Build-Debug/projects/ExtraTests/Debug/FallbackStringifier
testbed/Build-Debug/projects/ExtraTests/MinSizeRel/FallbackStringifier
testbed/Build-Debug/projects/ExtraTests/MinSizeRel/FallbackStringifier
testbed/Build-Debug/projects/ExtraTests/RelWithDebInfo/FallbackStringifier
testbed/Build-Debug/projects/ExtraTests/RelWithDebInfo/FallbackStringifier
testbed/Build-Debug/projects/ExtraTests/Deployment/FallbackStringifier
testbed/Build-Debug/projects/ExtraTests/Deployment/FallbackStringifier
testbed/Build-Debug/projects/ExtraTests/Development/FallbackStringifier
testbed/Build-Debug/projects/ExtraTests/Development/FallbackStringifier
15/17 Test #16: FallbackStringifier ....................***Not Run   0.00 sec
      Start 17: CATCH_CONFIG_DISABLE_STRINGIFICATION
Could not find executable /testbed/Build-Debug/projects/ExtraTests/DisableStringification
Looked in the following places:
/testbed/Build-Debug/projects/ExtraTests/DisableStringification
/testbed/Build-Debug/projects/ExtraTests/DisableStringification
/testbed/Build-Debug/projects/ExtraTests/Release/DisableStringification
/testbed/Build-Debug/projects/ExtraTests/Release/DisableStringification
/testbed/Build-Debug/projects/ExtraTests/Debug/DisableStringification
/testbed/Build-Debug/projects/ExtraTests/Debug/DisableStringification
/testbed/Build-Debug/projects/ExtraTests/MinSizeRel/DisableStringification
/testbed/Build-Debug/projects/ExtraTests/MinSizeRel/DisableStringification
/testbed/Build-Debug/projects/ExtraTests/RelWithDebInfo/DisableStringification
/testbed/Build-Debug/projects/ExtraTests/RelWithDebInfo/DisableStringification
/testbed/Build-Debug/projects/ExtraTests/Deployment/DisableStringification
/testbed/Build-Debug/projects/ExtraTests/Deployment/DisableStringification
/testbed/Build-Debug/projects/ExtraTests/Development/DisableStringification
/testbed/Build-Debug/projects/ExtraTests/Development/DisableStringification
testbed/Build-Debug/projects/ExtraTests/DisableStringification
testbed/Build-Debug/projects/ExtraTests/DisableStringification
testbed/Build-Debug/projects/ExtraTests/Release/DisableStringification
testbed/Build-Debug/projects/ExtraTests/Release/DisableStringification
testbed/Build-Debug/projects/ExtraTests/Debug/DisableStringification
testbed/Build-Debug/projects/ExtraTests/Debug/DisableStringification
testbed/Build-Debug/projects/ExtraTests/MinSizeRel/DisableStringification
testbed/Build-Debug/projects/ExtraTests/MinSizeRel/DisableStringification
testbed/Build-Debug/projects/ExtraTests/RelWithDebInfo/DisableStringification
testbed/Build-Debug/projects/ExtraTests/RelWithDebInfo/DisableStringification
testbed/Build-Debug/projects/ExtraTests/Deployment/DisableStringification
testbed/Build-Debug/projects/ExtraTests/Deployment/DisableStringification
testbed/Build-Debug/projects/ExtraTests/Development/DisableStringification
testbed/Build-Debug/projects/ExtraTests/Development/DisableStringification
16/17 Test #17: CATCH_CONFIG_DISABLE_STRINGIFICATION ...***Not Run   0.00 sec
17/17 Test  #8: ApprovalTests ..........................***Failed    0.07 sec
Running approvals against executable:
  /testbed/Build-Debug/projects/SelfTest
Traceback (most recent call last):
  File "/testbed/scripts/approvalTests.py", line 196, in <module>
    approve("console.std", ["~[!nonportable]~[!benchmark]~[approvals]", "--order", "lex", "--rng-seed", "1"])
  File "/testbed/scripts/approvalTests.py", line 154, in approve
    raise Exception("Executable doesn't exist at " + cmdPath)
Exception: Executable doesn't exist at /testbed/Build-Debug/projects/SelfTest


0% tests passed, 17 tests failed out of 17

Total Test time (real) =   0.08 sec

The following tests FAILED:
	  1 - RunTests (Not Run)
	  2 - ListTests (Not Run)
	  3 - ListTags (Not Run)
	  4 - ListReporters (Not Run)
	  5 - ListTestNamesOnly (Not Run)
	  6 - NoAssertions (Not Run)
	  7 - NoTest (Not Run)
	  8 - ApprovalTests (Failed)
	  9 - CATCH_CONFIG_PREFIX_ALL (Not Run)
	 10 - CATCH_CONFIG_DISABLE-1 (Not Run)
	 11 - CATCH_CONFIG_DISABLE-2 (Not Run)
	 12 - CATCH_CONFIG_DISABLE_EXCEPTIONS-1 (Not Run)
	 13 - CATCH_CONFIG_DISABLE_EXCEPTIONS-2 (Not Run)
	 14 - CATCH_CONFIG_DISABLE_EXCEPTIONS-3 (Not Run)
	 15 - CATCH_CONFIG_DISABLE_EXCEPTIONS-4 (Not Run)
	 16 - FallbackStringifier (Not Run)
	 17 - CATCH_CONFIG_DISABLE_STRINGIFICATION (Not Run)
Errors while running CTest
+ rc=8
+ echo OMNIGRIL_EXIT_CODE=8
+ cd /testbed
OMNIGRIL_EXIT_CODE=8
+ git checkout 4902cd721586822ded795afe0c418c553137306a docs/test-cases-and-sections.md docs/test-fixtures.md include/internal/catch_test_registry.h projects/SelfTest/UsageTests/Class.tests.cpp projects/SelfTest/UsageTests/Misc.tests.cpp
Updated 5 paths from 7c29a4c6
